<?xml version="1.0" encoding="UTF-8"?>
<testsuite xmlns:xsi="http://www.w3.org/2001/XMLSchema-instance" xsi:noNamespaceSchemaLocation="https://maven.apache.org/surefire/maven-surefire-plugin/xsd/surefire-test-report-3.0.xsd" version="3.0" name="com.supermarket.service.PaymentServiceTest" time="0.045" tests="6" errors="0" skipped="0" failures="0">
  <properties>
    <property name="java.specification.version" value="21"/>
    <property name="sun.cpu.isalist" value="amd64"/>
    <property name="sun.jnu.encoding" value="Cp1250"/>
    <property name="java.class.path" value="C:\Users\Sebastian\Documents\Projects\Ocado Technology\payment-optimizer\target\test-classes;C:\Users\Sebastian\Documents\Projects\Ocado Technology\payment-optimizer\target\classes;C:\Users\Sebastian\.m2\repository\junit\junit\3.8.1\junit-3.8.1.jar;C:\Users\Sebastian\.m2\repository\com\fasterxml\jackson\core\jackson-databind\2.17.2\jackson-databind-2.17.2.jar;C:\Users\Sebastian\.m2\repository\com\fasterxml\jackson\core\jackson-annotations\2.17.2\jackson-annotations-2.17.2.jar;C:\Users\Sebastian\.m2\repository\com\fasterxml\jackson\core\jackson-core\2.17.2\jackson-core-2.17.2.jar;C:\Users\Sebastian\.m2\repository\org\junit\jupiter\junit-jupiter\5.13.0-M3\junit-jupiter-5.13.0-M3.jar;C:\Users\Sebastian\.m2\repository\org\junit\jupiter\junit-jupiter-api\5.13.0-M3\junit-jupiter-api-5.13.0-M3.jar;C:\Users\Sebastian\.m2\repository\org\opentest4j\opentest4j\1.3.0\opentest4j-1.3.0.jar;C:\Users\Sebastian\.m2\repository\org\junit\platform\junit-platform-commons\1.13.0-M3\junit-platform-commons-1.13.0-M3.jar;C:\Users\Sebastian\.m2\repository\org\apiguardian\apiguardian-api\1.1.2\apiguardian-api-1.1.2.jar;C:\Users\Sebastian\.m2\repository\org\junit\jupiter\junit-jupiter-params\5.13.0-M3\junit-jupiter-params-5.13.0-M3.jar;C:\Users\Sebastian\.m2\repository\org\junit\jupiter\junit-jupiter-engine\5.13.0-M3\junit-jupiter-engine-5.13.0-M3.jar;C:\Users\Sebastian\.m2\repository\org\junit\platform\junit-platform-engine\1.13.0-M3\junit-platform-engine-1.13.0-M3.jar;"/>
    <property name="java.vm.vendor" value="Oracle Corporation"/>
    <property name="sun.arch.data.model" value="64"/>
    <property name="user.variant" value=""/>
    <property name="java.vendor.url" value="https://java.oracle.com/"/>
    <property name="user.timezone" value="Europe/Warsaw"/>
    <property name="user.country.format" value="PL"/>
    <property name="os.name" value="Windows 10"/>
    <property name="java.vm.specification.version" value="21"/>
    <property name="sun.java.launcher" value="SUN_STANDARD"/>
    <property name="user.country" value="US"/>
    <property name="sun.boot.library.path" value="C:\Program Files\Java\jdk-21\bin"/>
    <property name="sun.java.command" value="C:\Users\Sebastian\AppData\Local\Temp\surefire15735706447416343974\surefirebooter-20250511215703393_3.jar C:\Users\Sebastian\AppData\Local\Temp\surefire15735706447416343974 2025-05-11T21-57-03_320-jvmRun1 surefire-20250511215703393_1tmp surefire_0-20250511215703393_2tmp"/>
    <property name="jdk.debug" value="release"/>
    <property name="surefire.test.class.path" value="C:\Users\Sebastian\Documents\Projects\Ocado Technology\payment-optimizer\target\test-classes;C:\Users\Sebastian\Documents\Projects\Ocado Technology\payment-optimizer\target\classes;C:\Users\Sebastian\.m2\repository\junit\junit\3.8.1\junit-3.8.1.jar;C:\Users\Sebastian\.m2\repository\com\fasterxml\jackson\core\jackson-databind\2.17.2\jackson-databind-2.17.2.jar;C:\Users\Sebastian\.m2\repository\com\fasterxml\jackson\core\jackson-annotations\2.17.2\jackson-annotations-2.17.2.jar;C:\Users\Sebastian\.m2\repository\com\fasterxml\jackson\core\jackson-core\2.17.2\jackson-core-2.17.2.jar;C:\Users\Sebastian\.m2\repository\org\junit\jupiter\junit-jupiter\5.13.0-M3\junit-jupiter-5.13.0-M3.jar;C:\Users\Sebastian\.m2\repository\org\junit\jupiter\junit-jupiter-api\5.13.0-M3\junit-jupiter-api-5.13.0-M3.jar;C:\Users\Sebastian\.m2\repository\org\opentest4j\opentest4j\1.3.0\opentest4j-1.3.0.jar;C:\Users\Sebastian\.m2\repository\org\junit\platform\junit-platform-commons\1.13.0-M3\junit-platform-commons-1.13.0-M3.jar;C:\Users\Sebastian\.m2\repository\org\apiguardian\apiguardian-api\1.1.2\apiguardian-api-1.1.2.jar;C:\Users\Sebastian\.m2\repository\org\junit\jupiter\junit-jupiter-params\5.13.0-M3\junit-jupiter-params-5.13.0-M3.jar;C:\Users\Sebastian\.m2\repository\org\junit\jupiter\junit-jupiter-engine\5.13.0-M3\junit-jupiter-engine-5.13.0-M3.jar;C:\Users\Sebastian\.m2\repository\org\junit\platform\junit-platform-engine\1.13.0-M3\junit-platform-engine-1.13.0-M3.jar;"/>
    <property name="sun.cpu.endian" value="little"/>
    <property name="user.home" value="C:\Users\Sebastian"/>
    <property name="user.language" value="en"/>
    <property name="java.specification.vendor" value="Oracle Corporation"/>
    <property name="java.version.date" value="2024-07-16"/>
    <property name="java.home" value="C:\Program Files\Java\jdk-21"/>
    <property name="file.separator" value="\"/>
    <property name="basedir" value="C:\Users\Sebastian\Documents\Projects\Ocado Technology\payment-optimizer"/>
    <property name="java.vm.compressedOopsMode" value="Zero based"/>
    <property name="line.separator" value="&#10;"/>
    <property name="java.vm.specification.vendor" value="Oracle Corporation"/>
    <property name="java.specification.name" value="Java Platform API Specification"/>
    <property name="surefire.real.class.path" value="C:\Users\Sebastian\AppData\Local\Temp\surefire15735706447416343974\surefirebooter-20250511215703393_3.jar"/>
    <property name="user.script" value=""/>
    <property name="sun.management.compiler" value="HotSpot 64-Bit Tiered Compilers"/>
    <property name="java.runtime.version" value="21.0.4+8-LTS-274"/>
    <property name="user.name" value="Sebastian"/>
    <property name="stdout.encoding" value="Cp1250"/>
    <property name="path.separator" value=";"/>
    <property name="os.version" value="10.0"/>
    <property name="java.runtime.name" value="Java(TM) SE Runtime Environment"/>
    <property name="file.encoding" value="UTF-8"/>
    <property name="java.vm.name" value="Java HotSpot(TM) 64-Bit Server VM"/>
    <property name="localRepository" value="C:\Users\Sebastian\.m2\repository"/>
    <property name="java.vendor.url.bug" value="https://bugreport.java.com/bugreport/"/>
    <property name="java.io.tmpdir" value="C:\Users\SEBAST~1\AppData\Local\Temp\"/>
    <property name="java.version" value="21.0.4"/>
    <property name="user.dir" value="C:\Users\Sebastian\Documents\Projects\Ocado Technology\payment-optimizer"/>
    <property name="os.arch" value="amd64"/>
    <property name="java.vm.specification.name" value="Java Virtual Machine Specification"/>
    <property name="user.language.format" value="pl"/>
    <property name="sun.os.patch.level" value=""/>
    <property name="native.encoding" value="Cp1250"/>
    <property name="java.library.path" value="C:\Program Files\Java\jdk-21\bin;C:\Windows\Sun\Java\bin;C:\Windows\system32;C:\Windows;C:\Python313\Scripts\;C:\Python313\;C:\Program Files\NVIDIA GPU Computing Toolkit\CUDA\v12.6\bin;C:\Program Files\NVIDIA GPU Computing Toolkit\CUDA\v12.6\libnvvp;C:\Program Files\Common Files\Oracle\Java\javapath;C:\Program Files (x86)\Common Files\Oracle\Java\java8path;C:\Program Files (x86)\Common Files\Oracle\Java\javapath;C:\Windows\system32;C:\Windows;C:\Windows\System32\Wbem;C:\Windows\System32\WindowsPowerShell\v1.0\;C:\Windows\System32\OpenSSH\;C:\Program Files (x86)\NVIDIA Corporation\PhysX\Common;C:\Program Files\PuTTY\;C:\Program Files\Go\bin;C:\Program Files\dotnet\;C:\Program Files (x86)\GtkSharp\2.12\bin;C:\Program Files\Mono\bin;C:\Program Files (x86)\Windows Kits\10\Windows Performance Toolkit\;C:\Users\Sebastian\Documents\gradle-8.10.2\bin;C:\Program Files\Amazon\AWSCLIV2\;C:\Program Files\terraform;C:\Program Files\NVIDIA Corporation\NVIDIA app\NvDLISR;C:\Program Files\apache-maven-3.9.9\bin;C:\Program Files\NVIDIA Corporation\Nsight Compute 2024.3.2\;C:\Program Files\nodejs\;C:\ProgramData\chocolatey\bin;C:\Program Files\Git\cmd;C:\Program Files\Java\jdk-21\bin;;C:\Program Files\Docker\Docker\resources\bin;C:\Users\Sebastian\AppData\Local\Programs\Python\Python39\Scripts\;C:\Users\Sebastian\AppData\Local\Programs\Python\Python39\;C:\Users\Sebastian\AppData\Local\Programs\Python\Python311\Scripts\;C:\Users\Sebastian\AppData\Local\Programs\Python\Python311\;C:\Users\Sebastian\AppData\Local\Programs\Python\Python310\Scripts\;C:\Users\Sebastian\AppData\Local\Programs\Python\Python310\;C:\Program Files\MySQL\MySQL Shell 8.0\bin\;C:\Users\Sebastian\.poetry\bin;C:\Users\Sebastian\AppData\Local\Microsoft\WindowsApps;;C:\Program Files\JetBrains\PyCharm 2024.2.3\bin;;C:\Users\Sebastian\AppData\Local\Programs\Microsoft VS Code\bin;C:\Users\Sebastian\go\bin;C:\Program Files\JetBrains\IntelliJ IDEA 2024.2.3\bin;;C:\Program Files\JetBrains\IntelliJ IDEA Community Edition 2023.2.1\bin;;C:\Users\Sebastian\.dotnet\tools;c:\users\sebastian\.local\bin;C:\Users\Sebastian\AppData\Roaming\npm;C:\Users\Sebastian\AppData\Local\Programs\Ollama;."/>
    <property name="java.vm.info" value="mixed mode, sharing"/>
    <property name="stderr.encoding" value="Cp1250"/>
    <property name="java.vendor" value="Oracle Corporation"/>
    <property name="java.vm.version" value="21.0.4+8-LTS-274"/>
    <property name="sun.io.unicode.encoding" value="UnicodeLittle"/>
    <property name="java.class.version" value="65.0"/>
  </properties>
  <testcase name="shouldPayRemainingWithLowestDiscountCard" classname="com.supermarket.service.PaymentServiceTest" time="0.02"/>
  <testcase name="shouldPayWholePriceAfterDiscount" classname="com.supermarket.service.PaymentServiceTest" time="0.001"/>
  <testcase name="shouldUpdatePayment" classname="com.supermarket.service.PaymentServiceTest" time="0.001"/>
  <testcase name="shouldOptimizePayments" classname="com.supermarket.service.PaymentServiceTest" time="0.002"/>
  <testcase name="shouldFindBestTotalPromotion" classname="com.supermarket.service.PaymentServiceTest" time="0.0"/>
  <testcase name="shouldProcessOrderWithPoints" classname="com.supermarket.service.PaymentServiceTest" time="0.0"/>
</testsuite>